2017-02-18 10:08:40
You have an error in your SQL syntax; check the manual that corresponds to your MySQL server version for the right syntax to use near '*) FROM `patients`' at line 1

file -C:\OpenServer\domains\localhost\base.com\modules\default\static\main.php
line -66
function-query

2017-02-18 10:08:40
You have an error in your SQL syntax; check the manual that corresponds to your MySQL server version for the right syntax to use near '*) FROM `patients`' at line 1

file -C:\OpenServer\domains\localhost\base.com\modules\default\static\main.php
line -66
function-query

2017-02-18 10:08:40
You have an error in your SQL syntax; check the manual that corresponds to your MySQL server version for the right syntax to use near '*) FROM `patients`' at line 1

file -C:\OpenServer\domains\localhost\base.com\modules\default\static\main.php
line -66
function-query

2017-02-18 10:08:40
You have an error in your SQL syntax; check the manual that corresponds to your MySQL server version for the right syntax to use near '*) FROM `patients`' at line 1

file -C:\OpenServer\domains\localhost\base.com\modules\default\static\main.php
line -66
function-query

2017-02-18 10:08:40
You have an error in your SQL syntax; check the manual that corresponds to your MySQL server version for the right syntax to use near '*) FROM `patients`' at line 1

file -C:\OpenServer\domains\localhost\base.com\modules\default\static\main.php
line -66
function-query

2017-02-18 10:08:40
You have an error in your SQL syntax; check the manual that corresponds to your MySQL server version for the right syntax to use near '*) FROM `patients`' at line 1

file -C:\OpenServer\domains\localhost\base.com\modules\default\static\main.php
line -66
function-query

2017-02-18 10:08:40
You have an error in your SQL syntax; check the manual that corresponds to your MySQL server version for the right syntax to use near '*) FROM `patients`' at line 1

file -C:\OpenServer\domains\localhost\base.com\modules\default\static\main.php
line -66
function-query

2017-02-18 10:08:40
You have an error in your SQL syntax; check the manual that corresponds to your MySQL server version for the right syntax to use near '*) FROM `patients`' at line 1

file -C:\OpenServer\domains\localhost\base.com\modules\default\static\main.php
line -66
function-query

2017-02-18 10:08:40
You have an error in your SQL syntax; check the manual that corresponds to your MySQL server version for the right syntax to use near '*) FROM `patients`' at line 1

file -C:\OpenServer\domains\localhost\base.com\modules\default\static\main.php
line -66
function-query

2017-02-18 10:08:40
You have an error in your SQL syntax; check the manual that corresponds to your MySQL server version for the right syntax to use near '*) FROM `patients`' at line 1

file -C:\OpenServer\domains\localhost\base.com\modules\default\static\main.php
line -66
function-query

2017-02-18 10:08:40
You have an error in your SQL syntax; check the manual that corresponds to your MySQL server version for the right syntax to use near '*) FROM `patients`' at line 1

file -C:\OpenServer\domains\localhost\base.com\modules\default\static\main.php
line -66
function-query

2017-02-18 10:08:40
You have an error in your SQL syntax; check the manual that corresponds to your MySQL server version for the right syntax to use near '*) FROM `patients`' at line 1

file -C:\OpenServer\domains\localhost\base.com\modules\default\static\main.php
line -66
function-query

2017-02-18 10:08:40
You have an error in your SQL syntax; check the manual that corresponds to your MySQL server version for the right syntax to use near '*) FROM `patients`' at line 1

file -C:\OpenServer\domains\localhost\base.com\modules\default\static\main.php
line -66
function-query

2017-02-18 10:08:40
You have an error in your SQL syntax; check the manual that corresponds to your MySQL server version for the right syntax to use near '*) FROM `patients`' at line 1

file -C:\OpenServer\domains\localhost\base.com\modules\default\static\main.php
line -66
function-query

2017-02-18 10:08:40
You have an error in your SQL syntax; check the manual that corresponds to your MySQL server version for the right syntax to use near '*) FROM `patients`' at line 1

file -C:\OpenServer\domains\localhost\base.com\modules\default\static\main.php
line -66
function-query

2017-02-18 10:08:40
You have an error in your SQL syntax; check the manual that corresponds to your MySQL server version for the right syntax to use near '*) FROM `patients`' at line 1

file -C:\OpenServer\domains\localhost\base.com\modules\default\static\main.php
line -66
function-query

2017-02-18 10:08:40
You have an error in your SQL syntax; check the manual that corresponds to your MySQL server version for the right syntax to use near '*) FROM `patients`' at line 1

file -C:\OpenServer\domains\localhost\base.com\modules\default\static\main.php
line -66
function-query

2017-02-18 10:08:40
You have an error in your SQL syntax; check the manual that corresponds to your MySQL server version for the right syntax to use near '*) FROM `patients`' at line 1

file -C:\OpenServer\domains\localhost\base.com\modules\default\static\main.php
line -66
function-query

2017-02-18 10:08:40
You have an error in your SQL syntax; check the manual that corresponds to your MySQL server version for the right syntax to use near '*) FROM `patients`' at line 1

file -C:\OpenServer\domains\localhost\base.com\modules\default\static\main.php
line -66
function-query

2017-02-18 10:08:40
You have an error in your SQL syntax; check the manual that corresponds to your MySQL server version for the right syntax to use near '*) FROM `patients`' at line 1

file -C:\OpenServer\domains\localhost\base.com\modules\default\static\main.php
line -66
function-query

2017-02-18 10:08:40
You have an error in your SQL syntax; check the manual that corresponds to your MySQL server version for the right syntax to use near '*) FROM `patients`' at line 1

file -C:\OpenServer\domains\localhost\base.com\modules\default\static\main.php
line -66
function-query

2017-02-18 10:08:40
You have an error in your SQL syntax; check the manual that corresponds to your MySQL server version for the right syntax to use near '*) FROM `patients`' at line 1

file -C:\OpenServer\domains\localhost\base.com\modules\default\static\main.php
line -66
function-query

2017-02-18 10:08:40
You have an error in your SQL syntax; check the manual that corresponds to your MySQL server version for the right syntax to use near '*) FROM `patients`' at line 1

file -C:\OpenServer\domains\localhost\base.com\modules\default\static\main.php
line -66
function-query

2017-02-18 10:08:40
You have an error in your SQL syntax; check the manual that corresponds to your MySQL server version for the right syntax to use near '*) FROM `patients`' at line 1

file -C:\OpenServer\domains\localhost\base.com\modules\default\static\main.php
line -66
function-query

2017-02-18 10:08:40
You have an error in your SQL syntax; check the manual that corresponds to your MySQL server version for the right syntax to use near '*) FROM `patients`' at line 1

file -C:\OpenServer\domains\localhost\base.com\modules\default\static\main.php
line -66
function-query

2017-02-18 10:08:40
You have an error in your SQL syntax; check the manual that corresponds to your MySQL server version for the right syntax to use near '*) FROM `patients`' at line 1

file -C:\OpenServer\domains\localhost\base.com\modules\default\static\main.php
line -66
function-query

2017-02-18 10:08:40
You have an error in your SQL syntax; check the manual that corresponds to your MySQL server version for the right syntax to use near '*) FROM `patients`' at line 1

file -C:\OpenServer\domains\localhost\base.com\modules\default\static\main.php
line -66
function-query

2017-02-18 10:08:40
You have an error in your SQL syntax; check the manual that corresponds to your MySQL server version for the right syntax to use near '*) FROM `patients`' at line 1

file -C:\OpenServer\domains\localhost\base.com\modules\default\static\main.php
line -66
function-query

2017-02-18 10:08:40
You have an error in your SQL syntax; check the manual that corresponds to your MySQL server version for the right syntax to use near '*) FROM `patients`' at line 1

file -C:\OpenServer\domains\localhost\base.com\modules\default\static\main.php
line -66
function-query

2017-02-18 10:08:40
You have an error in your SQL syntax; check the manual that corresponds to your MySQL server version for the right syntax to use near '*) FROM `patients`' at line 1

file -C:\OpenServer\domains\localhost\base.com\modules\default\static\main.php
line -66
function-query

2017-02-18 10:08:40
You have an error in your SQL syntax; check the manual that corresponds to your MySQL server version for the right syntax to use near '*) FROM `patients`' at line 1

file -C:\OpenServer\domains\localhost\base.com\modules\default\static\main.php
line -66
function-query

2017-02-18 10:08:40
You have an error in your SQL syntax; check the manual that corresponds to your MySQL server version for the right syntax to use near '*) FROM `patients`' at line 1

file -C:\OpenServer\domains\localhost\base.com\modules\default\static\main.php
line -66
function-query

2017-02-18 10:08:40
You have an error in your SQL syntax; check the manual that corresponds to your MySQL server version for the right syntax to use near '*) FROM `patients`' at line 1

file -C:\OpenServer\domains\localhost\base.com\modules\default\static\main.php
line -66
function-query

2017-02-18 10:08:40
You have an error in your SQL syntax; check the manual that corresponds to your MySQL server version for the right syntax to use near '*) FROM `patients`' at line 1

file -C:\OpenServer\domains\localhost\base.com\modules\default\static\main.php
line -66
function-query

2017-02-18 10:08:40
You have an error in your SQL syntax; check the manual that corresponds to your MySQL server version for the right syntax to use near '*) FROM `patients`' at line 1

file -C:\OpenServer\domains\localhost\base.com\modules\default\static\main.php
line -66
function-query

2017-02-18 10:08:40
You have an error in your SQL syntax; check the manual that corresponds to your MySQL server version for the right syntax to use near '*) FROM `patients`' at line 1

file -C:\OpenServer\domains\localhost\base.com\modules\default\static\main.php
line -66
function-query

2017-02-18 10:08:40
You have an error in your SQL syntax; check the manual that corresponds to your MySQL server version for the right syntax to use near '*) FROM `patients`' at line 1

file -C:\OpenServer\domains\localhost\base.com\modules\default\static\main.php
line -66
function-query

2017-02-18 10:08:40
You have an error in your SQL syntax; check the manual that corresponds to your MySQL server version for the right syntax to use near '*) FROM `patients`' at line 1

file -C:\OpenServer\domains\localhost\base.com\modules\default\static\main.php
line -66
function-query

2017-02-18 10:08:40
You have an error in your SQL syntax; check the manual that corresponds to your MySQL server version for the right syntax to use near '*) FROM `patients`' at line 1

file -C:\OpenServer\domains\localhost\base.com\modules\default\static\main.php
line -66
function-query

2017-02-18 10:08:40
You have an error in your SQL syntax; check the manual that corresponds to your MySQL server version for the right syntax to use near '*) FROM `patients`' at line 1

file -C:\OpenServer\domains\localhost\base.com\modules\default\static\main.php
line -66
function-query

2017-02-18 10:08:40
You have an error in your SQL syntax; check the manual that corresponds to your MySQL server version for the right syntax to use near '*) FROM `patients`' at line 1

file -C:\OpenServer\domains\localhost\base.com\modules\default\static\main.php
line -66
function-query

2017-02-18 10:08:41
You have an error in your SQL syntax; check the manual that corresponds to your MySQL server version for the right syntax to use near '*) FROM `patients`' at line 1

file -C:\OpenServer\domains\localhost\base.com\modules\default\static\main.php
line -66
function-query

2017-02-18 10:08:46
You have an error in your SQL syntax; check the manual that corresponds to your MySQL server version for the right syntax to use near '*) FROM `patients`' at line 1

file -C:\OpenServer\domains\localhost\base.com\modules\default\static\main.php
line -66
function-query

2017-02-18 10:08:46
You have an error in your SQL syntax; check the manual that corresponds to your MySQL server version for the right syntax to use near '*) FROM `patients`' at line 1

file -C:\OpenServer\domains\localhost\base.com\modules\default\static\main.php
line -66
function-query

2017-02-18 10:08:46
You have an error in your SQL syntax; check the manual that corresponds to your MySQL server version for the right syntax to use near '*) FROM `patients`' at line 1

file -C:\OpenServer\domains\localhost\base.com\modules\default\static\main.php
line -66
function-query

2017-02-18 10:08:46
You have an error in your SQL syntax; check the manual that corresponds to your MySQL server version for the right syntax to use near '*) FROM `patients`' at line 1

file -C:\OpenServer\domains\localhost\base.com\modules\default\static\main.php
line -66
function-query

2017-02-18 10:08:46
You have an error in your SQL syntax; check the manual that corresponds to your MySQL server version for the right syntax to use near '*) FROM `patients`' at line 1

file -C:\OpenServer\domains\localhost\base.com\modules\default\static\main.php
line -66
function-query

2017-02-18 10:08:46
You have an error in your SQL syntax; check the manual that corresponds to your MySQL server version for the right syntax to use near '*) FROM `patients`' at line 1

file -C:\OpenServer\domains\localhost\base.com\modules\default\static\main.php
line -66
function-query

2017-02-18 10:08:46
You have an error in your SQL syntax; check the manual that corresponds to your MySQL server version for the right syntax to use near '*) FROM `patients`' at line 1

file -C:\OpenServer\domains\localhost\base.com\modules\default\static\main.php
line -66
function-query

2017-02-18 10:08:46
You have an error in your SQL syntax; check the manual that corresponds to your MySQL server version for the right syntax to use near '*) FROM `patients`' at line 1

file -C:\OpenServer\domains\localhost\base.com\modules\default\static\main.php
line -66
function-query

2017-02-18 10:08:46
You have an error in your SQL syntax; check the manual that corresponds to your MySQL server version for the right syntax to use near '*) FROM `patients`' at line 1

file -C:\OpenServer\domains\localhost\base.com\modules\default\static\main.php
line -66
function-query

2017-02-18 10:08:46
You have an error in your SQL syntax; check the manual that corresponds to your MySQL server version for the right syntax to use near '*) FROM `patients`' at line 1

file -C:\OpenServer\domains\localhost\base.com\modules\default\static\main.php
line -66
function-query

2017-02-18 10:08:46
You have an error in your SQL syntax; check the manual that corresponds to your MySQL server version for the right syntax to use near '*) FROM `patients`' at line 1

file -C:\OpenServer\domains\localhost\base.com\modules\default\static\main.php
line -66
function-query

2017-02-18 10:08:46
You have an error in your SQL syntax; check the manual that corresponds to your MySQL server version for the right syntax to use near '*) FROM `patients`' at line 1

file -C:\OpenServer\domains\localhost\base.com\modules\default\static\main.php
line -66
function-query

2017-02-18 10:08:46
You have an error in your SQL syntax; check the manual that corresponds to your MySQL server version for the right syntax to use near '*) FROM `patients`' at line 1

file -C:\OpenServer\domains\localhost\base.com\modules\default\static\main.php
line -66
function-query

2017-02-18 10:08:46
You have an error in your SQL syntax; check the manual that corresponds to your MySQL server version for the right syntax to use near '*) FROM `patients`' at line 1

file -C:\OpenServer\domains\localhost\base.com\modules\default\static\main.php
line -66
function-query

2017-02-18 10:08:46
You have an error in your SQL syntax; check the manual that corresponds to your MySQL server version for the right syntax to use near '*) FROM `patients`' at line 1

file -C:\OpenServer\domains\localhost\base.com\modules\default\static\main.php
line -66
function-query

2017-02-18 10:08:46
You have an error in your SQL syntax; check the manual that corresponds to your MySQL server version for the right syntax to use near '*) FROM `patients`' at line 1

file -C:\OpenServer\domains\localhost\base.com\modules\default\static\main.php
line -66
function-query

2017-02-18 10:08:46
You have an error in your SQL syntax; check the manual that corresponds to your MySQL server version for the right syntax to use near '*) FROM `patients`' at line 1

file -C:\OpenServer\domains\localhost\base.com\modules\default\static\main.php
line -66
function-query

2017-02-18 10:08:46
You have an error in your SQL syntax; check the manual that corresponds to your MySQL server version for the right syntax to use near '*) FROM `patients`' at line 1

file -C:\OpenServer\domains\localhost\base.com\modules\default\static\main.php
line -66
function-query

2017-02-18 10:08:46
You have an error in your SQL syntax; check the manual that corresponds to your MySQL server version for the right syntax to use near '*) FROM `patients`' at line 1

file -C:\OpenServer\domains\localhost\base.com\modules\default\static\main.php
line -66
function-query

2017-02-18 10:08:46
You have an error in your SQL syntax; check the manual that corresponds to your MySQL server version for the right syntax to use near '*) FROM `patients`' at line 1

file -C:\OpenServer\domains\localhost\base.com\modules\default\static\main.php
line -66
function-query

2017-02-18 10:08:46
You have an error in your SQL syntax; check the manual that corresponds to your MySQL server version for the right syntax to use near '*) FROM `patients`' at line 1

file -C:\OpenServer\domains\localhost\base.com\modules\default\static\main.php
line -66
function-query

2017-02-18 10:08:56
You have an error in your SQL syntax; check the manual that corresponds to your MySQL server version for the right syntax to use near '*) FROM `patients`' at line 1

file -C:\OpenServer\domains\localhost\base.com\modules\default\static\main.php
line -66
function-query

2017-02-18 10:09:01
You have an error in your SQL syntax; check the manual that corresponds to your MySQL server version for the right syntax to use near '*) FROM `patients`' at line 1

file -C:\OpenServer\domains\localhost\base.com\modules\default\static\main.php
line -66
function-query

2017-02-18 10:09:01
You have an error in your SQL syntax; check the manual that corresponds to your MySQL server version for the right syntax to use near '*) FROM `patients`' at line 1

file -C:\OpenServer\domains\localhost\base.com\modules\default\static\main.php
line -66
function-query

